[debug] [2022-08-15T15:33:40.649Z] ----------------------------------------------------------------------
[debug] [2022-08-15T15:33:40.653Z] Command:       C:\Program Files\nodejs\node.exe C:\Users\Acer\AppData\Roaming\npm\node_modules\firebase-tools\lib\bin\firebase.js login
[debug] [2022-08-15T15:33:40.653Z] CLI Version:   11.6.0
[debug] [2022-08-15T15:33:40.654Z] Platform:      win32
[debug] [2022-08-15T15:33:40.654Z] Node Version:  v16.14.2
[debug] [2022-08-15T15:33:40.808Z] Time:          Mon Aug 15 2022 21:03:40 GMT+0530 (India Standard Time)
[debug] [2022-08-15T15:33:40.809Z] ----------------------------------------------------------------------
[debug] 
[debug] [2022-08-15T15:33:40.837Z] >>> [apiv2][query] GET https://firebase-public.firebaseio.com/cli.json [none]
[info] Already logged in as ruttikajadhav@gmail.com
[debug] [2022-08-15T15:33:42.079Z] <<< [apiv2][status] GET https://firebase-public.firebaseio.com/cli.json 200
[debug] [2022-08-15T15:33:42.083Z] <<< [apiv2][body] GET https://firebase-public.firebaseio.com/cli.json {"cloudBuildErrorAfter":1594252800000,"cloudBuildWarnAfter":1590019200000,"defaultNode10After":1594252800000,"minVersion":"3.0.5","node8DeploysDisabledAfter":1613390400000,"node8RuntimeDisabledAfter":1615809600000,"node8WarnAfter":1600128000000}
[debug] [2022-08-15T15:33:51.004Z] Error: Timed out.
    at Timeout._onTimeout (C:\Users\Acer\AppData\Roaming\npm\node_modules\firebase-tools\lib\utils.js:253:49)
    at listOnTimeout (node:internal/timers:559:17)
    at processTimers (node:internal/timers:502:7)
[error] 
[error] Error: An unexpected error has occurred.
[debug] [2022-08-15T15:34:02.231Z] ----------------------------------------------------------------------
[debug] [2022-08-15T15:34:02.234Z] Command:       C:\Program Files\nodejs\node.exe C:\Users\Acer\AppData\Roaming\npm\node_modules\firebase-tools\lib\bin\firebase.js init
[debug] [2022-08-15T15:34:02.235Z] CLI Version:   11.6.0
[debug] [2022-08-15T15:34:02.235Z] Platform:      win32
[debug] [2022-08-15T15:34:02.235Z] Node Version:  v16.14.2
[debug] [2022-08-15T15:34:02.237Z] Time:          Mon Aug 15 2022 21:04:02 GMT+0530 (India Standard Time)
[debug] [2022-08-15T15:34:02.238Z] ----------------------------------------------------------------------
[debug] 
[debug] [2022-08-15T15:34:02.251Z] > command requires scopes: ["email","openid","https://www.googleapis.com/auth/cloudplatformprojects.readonly","https://www.googleapis.com/auth/firebase","https://www.googleapis.com/auth/cloud-platform"]
[debug] [2022-08-15T15:34:02.251Z] > authorizing via signed-in user (ruttikajadhav@gmail.com)
[info] 
     ######## #### ########  ######## ########     ###     ######  ########
     ##        ##  ##     ## ##       ##     ##  ##   ##  ##       ##
     ######    ##  ########  ######   ########  #########  ######  ######
     ##        ##  ##    ##  ##       ##     ## ##     ##       ## ##
     ##       #### ##     ## ######## ########  ##     ##  ######  ########

You're about to initialize a Firebase project in this directory:

  C:\Users\Acer\Desktop\decode-x-React\to-do-app

[info] 
=== Project Setup
[info] 
[info] First, let's associate this project directory with a Firebase project.
[info] You can create multiple project aliases by running firebase use --add, 
[info] but for now we'll just set up a default project.
[info] 
[debug] [2022-08-15T15:34:24.093Z] > refreshing access token with scopes: []
[debug] [2022-08-15T15:34:24.106Z] >>> [apiv2][query] POST https://www.googleapis.com/oauth2/v3/token [none]
[debug] [2022-08-15T15:34:24.106Z] >>> [apiv2][body] POST https://www.googleapis.com/oauth2/v3/token [omitted]
[debug] [2022-08-15T15:34:24.869Z] <<< [apiv2][status] POST https://www.googleapis.com/oauth2/v3/token 200
[debug] [2022-08-15T15:34:24.870Z] <<< [apiv2][body] POST https://www.googleapis.com/oauth2/v3/token [omitted]
[debug] [2022-08-15T15:34:25.147Z] >>> [apiv2][query] GET https://firebase.googleapis.com/v1beta1/projects pageSize=100
[debug] [2022-08-15T15:34:26.297Z] <<< [apiv2][status] GET https://firebase.googleapis.com/v1beta1/projects 200
[debug] [2022-08-15T15:34:26.298Z] <<< [apiv2][body] GET https://firebase.googleapis.com/v1beta1/projects [omitted]
[info] i  Using project to-do-app-r2 (to-do-app) 
[info] 
=== Hosting Setup
[info] 
[info] Your public directory is the folder (relative to your project directory) that
[info] will contain Hosting assets to be uploaded with firebase deploy. If you
[info] have a build process for your assets, use your build's output directory.
[info] 
[info] +  Wrote build/404.html 
[debug] [2022-08-15T15:34:49.412Z] >>> [apiv2][query] GET https://www.gstatic.com/firebasejs/releases.json [none]
[debug] [2022-08-15T15:34:50.069Z] <<< [apiv2][status] GET https://www.gstatic.com/firebasejs/releases.json 200
[debug] [2022-08-15T15:34:50.071Z] <<< [apiv2][body] GET https://www.gstatic.com/firebasejs/releases.json {"current":{"version":"9.9.2","browserURL":"https://www.gstatic.com/firebasejs/9.9.2/firebase.js","packageURL":"https://www.gstatic.com/firebasejs/9.9.2/firebase.tgz"},"live":{"version":"9.9","browserURL":"https://www.gstatic.com/firebasejs/live/9.9/firebase.js","packageURL":"https://www.gstatic.com/firebasejs/live/9.9/firebase.tgz"},"components":{"analytics":"https://www.gstatic.com/firebasejs/9.9.2/firebase-analytics.js","app":"https://www.gstatic.com/firebasejs/9.9.2/firebase-app.js","app-check":"https://www.gstatic.com/firebasejs/9.9.2/firebase-app-check.js","auth":"https://www.gstatic.com/firebasejs/9.9.2/firebase-auth.js","auth/cordova":"https://www.gstatic.com/firebasejs/9.9.2/firebase-auth/cordova.js","auth/react-native":"https://www.gstatic.com/firebasejs/9.9.2/firebase-auth/react-native.js","functions":"https://www.gstatic.com/firebasejs/9.9.2/firebase-functions.js","firestore":"https://www.gstatic.com/firebasejs/9.9.2/firebase-firestore.js","firestore/lite":"https://www.gstatic.com/firebasejs/9.9.2/firebase-firestore/lite.js","installations":"https://www.gstatic.com/firebasejs/9.9.2/firebase-installations.js","storage":"https://www.gstatic.com/firebasejs/9.9.2/firebase-storage.js","performance":"https://www.gstatic.com/firebasejs/9.9.2/firebase-performance.js","remote-config":"https://www.gstatic.com/firebasejs/9.9.2/firebase-remote-config.js","messaging":"https://www.gstatic.com/firebasejs/9.9.2/firebase-messaging.js","messaging/sw":"https://www.gstatic.com/firebasejs/9.9.2/firebase-messaging/sw.js","database":"https://www.gstatic.com/firebasejs/9.9.2/firebase-database.js","firestore.memory":"https://www.gstatic.com/firebasejs/9.9.2/firebase-firestore.memory.js"}}
[info] i  Skipping write of build/index.html 
[info] 
[info] i  Writing configuration info to firebase.json... 
[info] i  Writing project information to .firebaserc... 
[info] 
[info] +  Firebase initialization complete! 
[debug] [2022-08-15T15:35:04.441Z] Error: Timed out.
    at Timeout._onTimeout (C:\Users\Acer\AppData\Roaming\npm\node_modules\firebase-tools\lib\utils.js:253:49)
    at listOnTimeout (node:internal/timers:559:17)
    at processTimers (node:internal/timers:502:7)
[error] 
[error] Error: An unexpected error has occurred.
[debug] [2022-08-15T15:35:30.632Z] ----------------------------------------------------------------------
[debug] [2022-08-15T15:35:30.635Z] Command:       C:\Program Files\nodejs\node.exe C:\Users\Acer\AppData\Roaming\npm\node_modules\firebase-tools\lib\bin\firebase.js deploy
[debug] [2022-08-15T15:35:30.636Z] CLI Version:   11.6.0
[debug] [2022-08-15T15:35:30.637Z] Platform:      win32
[debug] [2022-08-15T15:35:30.637Z] Node Version:  v16.14.2
[debug] [2022-08-15T15:35:30.638Z] Time:          Mon Aug 15 2022 21:05:30 GMT+0530 (India Standard Time)
[debug] [2022-08-15T15:35:30.639Z] ----------------------------------------------------------------------
[debug] 
[debug] [2022-08-15T15:35:30.886Z] > command requires scopes: ["email","openid","https://www.googleapis.com/auth/cloudplatformprojects.readonly","https://www.googleapis.com/auth/firebase","https://www.googleapis.com/auth/cloud-platform"]
[debug] [2022-08-15T15:35:30.887Z] > authorizing via signed-in user (ruttikajadhav@gmail.com)
[debug] [2022-08-15T15:35:30.887Z] [iam] checking project to-do-app-r2 for permissions ["firebase.projects.get","firebasehosting.sites.update"]
[debug] [2022-08-15T15:35:30.891Z] >>> [apiv2][query] POST https://cloudresourcemanager.googleapis.com/v1/projects/to-do-app-r2:testIamPermissions [none]
[debug] [2022-08-15T15:35:30.892Z] >>> [apiv2][(partial)header] POST https://cloudresourcemanager.googleapis.com/v1/projects/to-do-app-r2:testIamPermissions x-goog-quota-user=projects/to-do-app-r2
[debug] [2022-08-15T15:35:30.892Z] >>> [apiv2][body] POST https://cloudresourcemanager.googleapis.com/v1/projects/to-do-app-r2:testIamPermissions {"permissions":["firebase.projects.get","firebasehosting.sites.update"]}
[debug] [2022-08-15T15:35:32.876Z] <<< [apiv2][status] POST https://cloudresourcemanager.googleapis.com/v1/projects/to-do-app-r2:testIamPermissions 200
[debug] [2022-08-15T15:35:32.876Z] <<< [apiv2][body] POST https://cloudresourcemanager.googleapis.com/v1/projects/to-do-app-r2:testIamPermissions {"permissions":["firebase.projects.get","firebasehosting.sites.update"]}
[debug] [2022-08-15T15:35:32.878Z] >>> [apiv2][query] GET https://firebase.googleapis.com/v1beta1/projects/to-do-app-r2 [none]
[debug] [2022-08-15T15:35:33.674Z] <<< [apiv2][status] GET https://firebase.googleapis.com/v1beta1/projects/to-do-app-r2 200
[debug] [2022-08-15T15:35:33.675Z] <<< [apiv2][body] GET https://firebase.googleapis.com/v1beta1/projects/to-do-app-r2 {"projectId":"to-do-app-r2","projectNumber":"798217225878","displayName":"to-do-app","name":"projects/to-do-app-r2","resources":{"hostingSite":"to-do-app-r2"},"state":"ACTIVE","etag":"1_82156fe5-abd0-4576-a2a5-5cb39a96a075"}
[info] 
[info] === Deploying to 'to-do-app-r2'...
[info] 
[info] i  deploying hosting 
[debug] [2022-08-15T15:35:33.689Z] >>> [apiv2][query] GET https://firebase.googleapis.com/v1beta1/projects/to-do-app-r2 [none]
[debug] [2022-08-15T15:35:34.390Z] <<< [apiv2][status] GET https://firebase.googleapis.com/v1beta1/projects/to-do-app-r2 200
[debug] [2022-08-15T15:35:34.392Z] <<< [apiv2][body] GET https://firebase.googleapis.com/v1beta1/projects/to-do-app-r2 {"projectId":"to-do-app-r2","projectNumber":"798217225878","displayName":"to-do-app","name":"projects/to-do-app-r2","resources":{"hostingSite":"to-do-app-r2"},"state":"ACTIVE","etag":"1_82156fe5-abd0-4576-a2a5-5cb39a96a075"}
[debug] [2022-08-15T15:35:34.402Z] >>> [apiv2][query] POST https://firebasehosting.googleapis.com/v1beta1/projects/798217225878/sites/to-do-app-r2/versions [none]
[debug] [2022-08-15T15:35:34.403Z] >>> [apiv2][body] POST https://firebasehosting.googleapis.com/v1beta1/projects/798217225878/sites/to-do-app-r2/versions {"config":{},"labels":{"deployment-tool":"cli-firebase"}}
[debug] [2022-08-15T15:35:37.563Z] <<< [apiv2][status] POST https://firebasehosting.googleapis.com/v1beta1/projects/798217225878/sites/to-do-app-r2/versions 200
[debug] [2022-08-15T15:35:37.564Z] <<< [apiv2][body] POST https://firebasehosting.googleapis.com/v1beta1/projects/798217225878/sites/to-do-app-r2/versions {"name":"projects/798217225878/sites/to-do-app-r2/versions/ea8afbe9ca0dc9b9","status":"CREATED","config":{},"labels":{"deployment-tool":"cli-firebase"}}
[info] i  hosting[to-do-app-r2]: beginning deploy... 
[info] i  hosting[to-do-app-r2]: found 17 files in build 
[debug] [2022-08-15T15:35:37.690Z] [hosting] uploading with 200 concurrency
[debug] [2022-08-15T15:35:37.695Z] [hosting] hash cache [YnVpbGQ] not populated
[debug] [2022-08-15T15:35:38.215Z] [hosting] hash cache [YnVpbGQ] stored for 17 files
[debug] [2022-08-15T15:35:38.215Z] [hosting][hash queue][FINAL] {"max":458,"min":190,"avg":222.52941176470588,"active":0,"complete":17,"success":17,"errored":0,"retried":0,"total":17,"elapsed":497}
[debug] [2022-08-15T15:35:38.216Z] >>> [apiv2][query] POST https://firebasehosting.googleapis.com/v1beta1/projects/798217225878/sites/to-do-app-r2/versions/ea8afbe9ca0dc9b9:populateFiles [none]
[debug] [2022-08-15T15:35:38.216Z] >>> [apiv2][body] POST https://firebasehosting.googleapis.com/v1beta1/projects/798217225878/sites/to-do-app-r2/versions/ea8afbe9ca0dc9b9:populateFiles {"files":{"/404.html":"daa499dd96d8229e73235345702ba32f0793f0c8e5c0d30e40e37a5872be57aa","/asset-manifest.json":"68c96e691a3e32864ca10a195753deb40b11005336096acb39ff3be0ceab96d9","/index.html":"7e67352c57520e2422f09ea086bb0f5aa26526925381d50f914f9d04b826af00","/manifest.json":"aff3449bdc238776f5d6d967f19ec491b36aed5fb7f23ccff6500736fd58494a","/robots.txt":"bfe106a3fb878dc83461c86818bf74fc1bdc7f28538ba613cd3e775516ce8b49","/favicon.ico":"eae62e993eb980ec8a25058c39d5a51feab118bd2100c4deebb2a9c158ec11f9","/static/css/main.39c29116.css":"4ac0ee186962621572936db0baa80c1f18710669c0c1ae1a5fbfeae580aca391","/static/css/main.39c29116.css.map":"e651d5898f1d2ecc0e7db72dda37c72d0bc692c3fe8fb2c477e93e5505704178","/logo512.png":"ee7e2f3fdb8209c4b6fd7bef6ba50d1b9dba30a25bb5c3126df057e1cb6f5331","/logo192.png":"3ee59515172ee198f3be375979df15ac5345183e656720a381b8872b2a39dc8b","/static/js/787.5e141d9e.chunk.js":"536d4cea282a2603fbabbb4527d52cc011f9ec4f119f71954b00a754d82d8b4f","/static/js/main.72b74078.js.LICENSE.txt":"a1e10079e8155bc5525d13d0464e64acbd892cb93e51621cce5f31f1c4cc8fe3","/static/js/787.5e141d9e.chunk.js.map":"267c42bd535aae5d34d04fdc6812c6e141d5ca279ba9c710720bfe9f675e16cb","/static/js/main.72b74078.js":"6cdd0c073248828bac71c9d0fa331ad52a30a7333f54dbb44476a0ce539ca69a","/static/media/bg-wallpapers.5c1eaa021a4a0ee2d5b9.jpg":"3a7c1483b369de0a676f0fc4ccb6773b12dedce5f12f624325aee5f2376d01ee","/images/bg-wallpapers.jpg":"3a7c1483b369de0a676f0fc4ccb6773b12dedce5f12f624325aee5f2376d01ee","/static/js/main.72b74078.js.map":"9ef1489ad0908f4a4ca9c42241b7b8391e388d8b20460d402906f9ab976dbc4f"}}
[debug] [2022-08-15T15:35:40.222Z] <<< [apiv2][status] POST https://firebasehosting.googleapis.com/v1beta1/projects/798217225878/sites/to-do-app-r2/versions/ea8afbe9ca0dc9b9:populateFiles 200
[debug] [2022-08-15T15:35:40.222Z] <<< [apiv2][body] POST https://firebasehosting.googleapis.com/v1beta1/projects/798217225878/sites/to-do-app-r2/versions/ea8afbe9ca0dc9b9:populateFiles {"uploadRequiredHashes":["6cdd0c073248828bac71c9d0fa331ad52a30a7333f54dbb44476a0ce539ca69a","daa499dd96d8229e73235345702ba32f0793f0c8e5c0d30e40e37a5872be57aa","3a7c1483b369de0a676f0fc4ccb6773b12dedce5f12f624325aee5f2376d01ee","3ee59515172ee198f3be375979df15ac5345183e656720a381b8872b2a39dc8b","4ac0ee186962621572936db0baa80c1f18710669c0c1ae1a5fbfeae580aca391","9ef1489ad0908f4a4ca9c42241b7b8391e388d8b20460d402906f9ab976dbc4f","bfe106a3fb878dc83461c86818bf74fc1bdc7f28538ba613cd3e775516ce8b49","a1e10079e8155bc5525d13d0464e64acbd892cb93e51621cce5f31f1c4cc8fe3","ee7e2f3fdb8209c4b6fd7bef6ba50d1b9dba30a25bb5c3126df057e1cb6f5331","eae62e993eb980ec8a25058c39d5a51feab118bd2100c4deebb2a9c158ec11f9","68c96e691a3e32864ca10a195753deb40b11005336096acb39ff3be0ceab96d9","267c42bd535aae5d34d04fdc6812c6e141d5ca279ba9c710720bfe9f675e16cb","536d4cea282a2603fbabbb4527d52cc011f9ec4f119f71954b00a754d82d8b4f","aff3449bdc238776f5d6d967f19ec491b36aed5fb7f23ccff6500736fd58494a","e651d5898f1d2ecc0e7db72dda37c72d0bc692c3fe8fb2c477e93e5505704178","7e67352c57520e2422f09ea086bb0f5aa26526925381d50f914f9d04b826af00"],"uploadUrl":"https://upload-firebasehosting.googleapis.com/upload/sites/to-do-app-r2/versions/ea8afbe9ca0dc9b9/files"}
[debug] [2022-08-15T15:35:40.229Z] >>> [apiv2][query] POST https://upload-firebasehosting.googleapis.com/upload/sites/to-do-app-r2/versions/ea8afbe9ca0dc9b9/files/6cdd0c073248828bac71c9d0fa331ad52a30a7333f54dbb44476a0ce539ca69a [none]
[debug] [2022-08-15T15:35:40.229Z] >>> [apiv2][body] POST https://upload-firebasehosting.googleapis.com/upload/sites/to-do-app-r2/versions/ea8afbe9ca0dc9b9/files/6cdd0c073248828bac71c9d0fa331ad52a30a7333f54dbb44476a0ce539ca69a [stream]
[debug] [2022-08-15T15:35:40.231Z] >>> [apiv2][query] POST https://upload-firebasehosting.googleapis.com/upload/sites/to-do-app-r2/versions/ea8afbe9ca0dc9b9/files/daa499dd96d8229e73235345702ba32f0793f0c8e5c0d30e40e37a5872be57aa [none]
[debug] [2022-08-15T15:35:40.231Z] >>> [apiv2][body] POST https://upload-firebasehosting.googleapis.com/upload/sites/to-do-app-r2/versions/ea8afbe9ca0dc9b9/files/daa499dd96d8229e73235345702ba32f0793f0c8e5c0d30e40e37a5872be57aa [stream]
[debug] [2022-08-15T15:35:40.233Z] >>> [apiv2][query] POST https://upload-firebasehosting.googleapis.com/upload/sites/to-do-app-r2/versions/ea8afbe9ca0dc9b9/files/3a7c1483b369de0a676f0fc4ccb6773b12dedce5f12f624325aee5f2376d01ee [none]
[debug] [2022-08-15T15:35:40.233Z] >>> [apiv2][body] POST https://upload-firebasehosting.googleapis.com/upload/sites/to-do-app-r2/versions/ea8afbe9ca0dc9b9/files/3a7c1483b369de0a676f0fc4ccb6773b12dedce5f12f624325aee5f2376d01ee [stream]
[debug] [2022-08-15T15:35:40.235Z] >>> [apiv2][query] POST https://upload-firebasehosting.googleapis.com/upload/sites/to-do-app-r2/versions/ea8afbe9ca0dc9b9/files/3ee59515172ee198f3be375979df15ac5345183e656720a381b8872b2a39dc8b [none]
[debug] [2022-08-15T15:35:40.235Z] >>> [apiv2][body] POST https://upload-firebasehosting.googleapis.com/upload/sites/to-do-app-r2/versions/ea8afbe9ca0dc9b9/files/3ee59515172ee198f3be375979df15ac5345183e656720a381b8872b2a39dc8b [stream]
[debug] [2022-08-15T15:35:40.237Z] >>> [apiv2][query] POST https://upload-firebasehosting.googleapis.com/upload/sites/to-do-app-r2/versions/ea8afbe9ca0dc9b9/files/4ac0ee186962621572936db0baa80c1f18710669c0c1ae1a5fbfeae580aca391 [none]
[debug] [2022-08-15T15:35:40.238Z] >>> [apiv2][body] POST https://upload-firebasehosting.googleapis.com/upload/sites/to-do-app-r2/versions/ea8afbe9ca0dc9b9/files/4ac0ee186962621572936db0baa80c1f18710669c0c1ae1a5fbfeae580aca391 [stream]
[debug] [2022-08-15T15:35:40.240Z] >>> [apiv2][query] POST https://upload-firebasehosting.googleapis.com/upload/sites/to-do-app-r2/versions/ea8afbe9ca0dc9b9/files/9ef1489ad0908f4a4ca9c42241b7b8391e388d8b20460d402906f9ab976dbc4f [none]
[debug] [2022-08-15T15:35:40.241Z] >>> [apiv2][body] POST https://upload-firebasehosting.googleapis.com/upload/sites/to-do-app-r2/versions/ea8afbe9ca0dc9b9/files/9ef1489ad0908f4a4ca9c42241b7b8391e388d8b20460d402906f9ab976dbc4f [stream]
[debug] [2022-08-15T15:35:40.245Z] >>> [apiv2][query] POST https://upload-firebasehosting.googleapis.com/upload/sites/to-do-app-r2/versions/ea8afbe9ca0dc9b9/files/bfe106a3fb878dc83461c86818bf74fc1bdc7f28538ba613cd3e775516ce8b49 [none]
[debug] [2022-08-15T15:35:40.245Z] >>> [apiv2][body] POST https://upload-firebasehosting.googleapis.com/upload/sites/to-do-app-r2/versions/ea8afbe9ca0dc9b9/files/bfe106a3fb878dc83461c86818bf74fc1bdc7f28538ba613cd3e775516ce8b49 [stream]
[debug] [2022-08-15T15:35:40.247Z] >>> [apiv2][query] POST https://upload-firebasehosting.googleapis.com/upload/sites/to-do-app-r2/versions/ea8afbe9ca0dc9b9/files/a1e10079e8155bc5525d13d0464e64acbd892cb93e51621cce5f31f1c4cc8fe3 [none]
[debug] [2022-08-15T15:35:40.247Z] >>> [apiv2][body] POST https://upload-firebasehosting.googleapis.com/upload/sites/to-do-app-r2/versions/ea8afbe9ca0dc9b9/files/a1e10079e8155bc5525d13d0464e64acbd892cb93e51621cce5f31f1c4cc8fe3 [stream]
[debug] [2022-08-15T15:35:40.250Z] >>> [apiv2][query] POST https://upload-firebasehosting.googleapis.com/upload/sites/to-do-app-r2/versions/ea8afbe9ca0dc9b9/files/ee7e2f3fdb8209c4b6fd7bef6ba50d1b9dba30a25bb5c3126df057e1cb6f5331 [none]
[debug] [2022-08-15T15:35:40.250Z] >>> [apiv2][body] POST https://upload-firebasehosting.googleapis.com/upload/sites/to-do-app-r2/versions/ea8afbe9ca0dc9b9/files/ee7e2f3fdb8209c4b6fd7bef6ba50d1b9dba30a25bb5c3126df057e1cb6f5331 [stream]
[debug] [2022-08-15T15:35:40.252Z] >>> [apiv2][query] POST https://upload-firebasehosting.googleapis.com/upload/sites/to-do-app-r2/versions/ea8afbe9ca0dc9b9/files/eae62e993eb980ec8a25058c39d5a51feab118bd2100c4deebb2a9c158ec11f9 [none]
[debug] [2022-08-15T15:35:40.252Z] >>> [apiv2][body] POST https://upload-firebasehosting.googleapis.com/upload/sites/to-do-app-r2/versions/ea8afbe9ca0dc9b9/files/eae62e993eb980ec8a25058c39d5a51feab118bd2100c4deebb2a9c158ec11f9 [stream]
[debug] [2022-08-15T15:35:40.255Z] >>> [apiv2][query] POST https://upload-firebasehosting.googleapis.com/upload/sites/to-do-app-r2/versions/ea8afbe9ca0dc9b9/files/68c96e691a3e32864ca10a195753deb40b11005336096acb39ff3be0ceab96d9 [none]
[debug] [2022-08-15T15:35:40.255Z] >>> [apiv2][body] POST https://upload-firebasehosting.googleapis.com/upload/sites/to-do-app-r2/versions/ea8afbe9ca0dc9b9/files/68c96e691a3e32864ca10a195753deb40b11005336096acb39ff3be0ceab96d9 [stream]
[debug] [2022-08-15T15:35:40.258Z] >>> [apiv2][query] POST https://upload-firebasehosting.googleapis.com/upload/sites/to-do-app-r2/versions/ea8afbe9ca0dc9b9/files/267c42bd535aae5d34d04fdc6812c6e141d5ca279ba9c710720bfe9f675e16cb [none]
[debug] [2022-08-15T15:35:40.258Z] >>> [apiv2][body] POST https://upload-firebasehosting.googleapis.com/upload/sites/to-do-app-r2/versions/ea8afbe9ca0dc9b9/files/267c42bd535aae5d34d04fdc6812c6e141d5ca279ba9c710720bfe9f675e16cb [stream]
[debug] [2022-08-15T15:35:40.265Z] >>> [apiv2][query] POST https://upload-firebasehosting.googleapis.com/upload/sites/to-do-app-r2/versions/ea8afbe9ca0dc9b9/files/536d4cea282a2603fbabbb4527d52cc011f9ec4f119f71954b00a754d82d8b4f [none]
[debug] [2022-08-15T15:35:40.265Z] >>> [apiv2][body] POST https://upload-firebasehosting.googleapis.com/upload/sites/to-do-app-r2/versions/ea8afbe9ca0dc9b9/files/536d4cea282a2603fbabbb4527d52cc011f9ec4f119f71954b00a754d82d8b4f [stream]
[debug] [2022-08-15T15:35:40.267Z] >>> [apiv2][query] POST https://upload-firebasehosting.googleapis.com/upload/sites/to-do-app-r2/versions/ea8afbe9ca0dc9b9/files/aff3449bdc238776f5d6d967f19ec491b36aed5fb7f23ccff6500736fd58494a [none]
[debug] [2022-08-15T15:35:40.267Z] >>> [apiv2][body] POST https://upload-firebasehosting.googleapis.com/upload/sites/to-do-app-r2/versions/ea8afbe9ca0dc9b9/files/aff3449bdc238776f5d6d967f19ec491b36aed5fb7f23ccff6500736fd58494a [stream]
[debug] [2022-08-15T15:35:40.270Z] >>> [apiv2][query] POST https://upload-firebasehosting.googleapis.com/upload/sites/to-do-app-r2/versions/ea8afbe9ca0dc9b9/files/e651d5898f1d2ecc0e7db72dda37c72d0bc692c3fe8fb2c477e93e5505704178 [none]
[debug] [2022-08-15T15:35:40.270Z] >>> [apiv2][body] POST https://upload-firebasehosting.googleapis.com/upload/sites/to-do-app-r2/versions/ea8afbe9ca0dc9b9/files/e651d5898f1d2ecc0e7db72dda37c72d0bc692c3fe8fb2c477e93e5505704178 [stream]
[debug] [2022-08-15T15:35:40.272Z] >>> [apiv2][query] POST https://upload-firebasehosting.googleapis.com/upload/sites/to-do-app-r2/versions/ea8afbe9ca0dc9b9/files/7e67352c57520e2422f09ea086bb0f5aa26526925381d50f914f9d04b826af00 [none]
[debug] [2022-08-15T15:35:40.272Z] >>> [apiv2][body] POST https://upload-firebasehosting.googleapis.com/upload/sites/to-do-app-r2/versions/ea8afbe9ca0dc9b9/files/7e67352c57520e2422f09ea086bb0f5aa26526925381d50f914f9d04b826af00 [stream]
[debug] [2022-08-15T15:35:40.274Z] [hosting][populate queue][FINAL] {"max":2017,"min":2017,"avg":2017,"active":0,"complete":1,"success":1,"errored":0,"retried":0,"total":1,"elapsed":2063}
[debug] [2022-08-15T15:35:40.274Z] [hosting] uploads queued: 16
[debug] [2022-08-15T15:35:42.529Z] <<< [apiv2][status] POST https://upload-firebasehosting.googleapis.com/upload/sites/to-do-app-r2/versions/ea8afbe9ca0dc9b9/files/3ee59515172ee198f3be375979df15ac5345183e656720a381b8872b2a39dc8b 200
[debug] [2022-08-15T15:35:42.530Z] <<< [apiv2][body] POST https://upload-firebasehosting.googleapis.com/upload/sites/to-do-app-r2/versions/ea8afbe9ca0dc9b9/files/3ee59515172ee198f3be375979df15ac5345183e656720a381b8872b2a39dc8b [stream]
[debug] [2022-08-15T15:35:42.661Z] <<< [apiv2][status] POST https://upload-firebasehosting.googleapis.com/upload/sites/to-do-app-r2/versions/ea8afbe9ca0dc9b9/files/267c42bd535aae5d34d04fdc6812c6e141d5ca279ba9c710720bfe9f675e16cb 200
[debug] [2022-08-15T15:35:42.662Z] <<< [apiv2][body] POST https://upload-firebasehosting.googleapis.com/upload/sites/to-do-app-r2/versions/ea8afbe9ca0dc9b9/files/267c42bd535aae5d34d04fdc6812c6e141d5ca279ba9c710720bfe9f675e16cb [stream]
[debug] [2022-08-15T15:35:42.667Z] <<< [apiv2][status] POST https://upload-firebasehosting.googleapis.com/upload/sites/to-do-app-r2/versions/ea8afbe9ca0dc9b9/files/ee7e2f3fdb8209c4b6fd7bef6ba50d1b9dba30a25bb5c3126df057e1cb6f5331 200
[debug] [2022-08-15T15:35:42.667Z] <<< [apiv2][body] POST https://upload-firebasehosting.googleapis.com/upload/sites/to-do-app-r2/versions/ea8afbe9ca0dc9b9/files/ee7e2f3fdb8209c4b6fd7bef6ba50d1b9dba30a25bb5c3126df057e1cb6f5331 [stream]
[debug] [2022-08-15T15:35:42.844Z] <<< [apiv2][status] POST https://upload-firebasehosting.googleapis.com/upload/sites/to-do-app-r2/versions/ea8afbe9ca0dc9b9/files/bfe106a3fb878dc83461c86818bf74fc1bdc7f28538ba613cd3e775516ce8b49 200
[debug] [2022-08-15T15:35:42.844Z] <<< [apiv2][body] POST https://upload-firebasehosting.googleapis.com/upload/sites/to-do-app-r2/versions/ea8afbe9ca0dc9b9/files/bfe106a3fb878dc83461c86818bf74fc1bdc7f28538ba613cd3e775516ce8b49 [stream]
[debug] [2022-08-15T15:35:42.916Z] <<< [apiv2][status] POST https://upload-firebasehosting.googleapis.com/upload/sites/to-do-app-r2/versions/ea8afbe9ca0dc9b9/files/a1e10079e8155bc5525d13d0464e64acbd892cb93e51621cce5f31f1c4cc8fe3 200
[debug] [2022-08-15T15:35:42.917Z] <<< [apiv2][body] POST https://upload-firebasehosting.googleapis.com/upload/sites/to-do-app-r2/versions/ea8afbe9ca0dc9b9/files/a1e10079e8155bc5525d13d0464e64acbd892cb93e51621cce5f31f1c4cc8fe3 [stream]
[debug] [2022-08-15T15:35:43.034Z] <<< [apiv2][status] POST https://upload-firebasehosting.googleapis.com/upload/sites/to-do-app-r2/versions/ea8afbe9ca0dc9b9/files/7e67352c57520e2422f09ea086bb0f5aa26526925381d50f914f9d04b826af00 200
[debug] [2022-08-15T15:35:43.035Z] <<< [apiv2][body] POST https://upload-firebasehosting.googleapis.com/upload/sites/to-do-app-r2/versions/ea8afbe9ca0dc9b9/files/7e67352c57520e2422f09ea086bb0f5aa26526925381d50f914f9d04b826af00 [stream]
[debug] [2022-08-15T15:35:43.086Z] <<< [apiv2][status] POST https://upload-firebasehosting.googleapis.com/upload/sites/to-do-app-r2/versions/ea8afbe9ca0dc9b9/files/68c96e691a3e32864ca10a195753deb40b11005336096acb39ff3be0ceab96d9 200
[debug] [2022-08-15T15:35:43.087Z] <<< [apiv2][body] POST https://upload-firebasehosting.googleapis.com/upload/sites/to-do-app-r2/versions/ea8afbe9ca0dc9b9/files/68c96e691a3e32864ca10a195753deb40b11005336096acb39ff3be0ceab96d9 [stream]
[debug] [2022-08-15T15:35:43.150Z] <<< [apiv2][status] POST https://upload-firebasehosting.googleapis.com/upload/sites/to-do-app-r2/versions/ea8afbe9ca0dc9b9/files/daa499dd96d8229e73235345702ba32f0793f0c8e5c0d30e40e37a5872be57aa 200
[debug] [2022-08-15T15:35:43.151Z] <<< [apiv2][body] POST https://upload-firebasehosting.googleapis.com/upload/sites/to-do-app-r2/versions/ea8afbe9ca0dc9b9/files/daa499dd96d8229e73235345702ba32f0793f0c8e5c0d30e40e37a5872be57aa [stream]
[debug] [2022-08-15T15:35:43.230Z] <<< [apiv2][status] POST https://upload-firebasehosting.googleapis.com/upload/sites/to-do-app-r2/versions/ea8afbe9ca0dc9b9/files/536d4cea282a2603fbabbb4527d52cc011f9ec4f119f71954b00a754d82d8b4f 200
[debug] [2022-08-15T15:35:43.231Z] <<< [apiv2][body] POST https://upload-firebasehosting.googleapis.com/upload/sites/to-do-app-r2/versions/ea8afbe9ca0dc9b9/files/536d4cea282a2603fbabbb4527d52cc011f9ec4f119f71954b00a754d82d8b4f [stream]
[debug] [2022-08-15T15:35:43.291Z] <<< [apiv2][status] POST https://upload-firebasehosting.googleapis.com/upload/sites/to-do-app-r2/versions/ea8afbe9ca0dc9b9/files/aff3449bdc238776f5d6d967f19ec491b36aed5fb7f23ccff6500736fd58494a 200
[debug] [2022-08-15T15:35:43.292Z] <<< [apiv2][body] POST https://upload-firebasehosting.googleapis.com/upload/sites/to-do-app-r2/versions/ea8afbe9ca0dc9b9/files/aff3449bdc238776f5d6d967f19ec491b36aed5fb7f23ccff6500736fd58494a [stream]
[debug] [2022-08-15T15:35:43.347Z] <<< [apiv2][status] POST https://upload-firebasehosting.googleapis.com/upload/sites/to-do-app-r2/versions/ea8afbe9ca0dc9b9/files/eae62e993eb980ec8a25058c39d5a51feab118bd2100c4deebb2a9c158ec11f9 200
[debug] [2022-08-15T15:35:43.348Z] <<< [apiv2][body] POST https://upload-firebasehosting.googleapis.com/upload/sites/to-do-app-r2/versions/ea8afbe9ca0dc9b9/files/eae62e993eb980ec8a25058c39d5a51feab118bd2100c4deebb2a9c158ec11f9 [stream]
[debug] [2022-08-15T15:35:43.372Z] <<< [apiv2][status] POST https://upload-firebasehosting.googleapis.com/upload/sites/to-do-app-r2/versions/ea8afbe9ca0dc9b9/files/4ac0ee186962621572936db0baa80c1f18710669c0c1ae1a5fbfeae580aca391 200
[debug] [2022-08-15T15:35:43.373Z] <<< [apiv2][body] POST https://upload-firebasehosting.googleapis.com/upload/sites/to-do-app-r2/versions/ea8afbe9ca0dc9b9/files/4ac0ee186962621572936db0baa80c1f18710669c0c1ae1a5fbfeae580aca391 [stream]
[debug] [2022-08-15T15:35:43.475Z] <<< [apiv2][status] POST https://upload-firebasehosting.googleapis.com/upload/sites/to-do-app-r2/versions/ea8afbe9ca0dc9b9/files/e651d5898f1d2ecc0e7db72dda37c72d0bc692c3fe8fb2c477e93e5505704178 200
[debug] [2022-08-15T15:35:43.476Z] <<< [apiv2][body] POST https://upload-firebasehosting.googleapis.com/upload/sites/to-do-app-r2/versions/ea8afbe9ca0dc9b9/files/e651d5898f1d2ecc0e7db72dda37c72d0bc692c3fe8fb2c477e93e5505704178 [stream]
[debug] [2022-08-15T15:35:43.788Z] <<< [apiv2][status] POST https://upload-firebasehosting.googleapis.com/upload/sites/to-do-app-r2/versions/ea8afbe9ca0dc9b9/files/6cdd0c073248828bac71c9d0fa331ad52a30a7333f54dbb44476a0ce539ca69a 200
[debug] [2022-08-15T15:35:43.788Z] <<< [apiv2][body] POST https://upload-firebasehosting.googleapis.com/upload/sites/to-do-app-r2/versions/ea8afbe9ca0dc9b9/files/6cdd0c073248828bac71c9d0fa331ad52a30a7333f54dbb44476a0ce539ca69a [stream]
[debug] [2022-08-15T15:35:48.032Z] <<< [apiv2][status] POST https://upload-firebasehosting.googleapis.com/upload/sites/to-do-app-r2/versions/ea8afbe9ca0dc9b9/files/9ef1489ad0908f4a4ca9c42241b7b8391e388d8b20460d402906f9ab976dbc4f 200
[debug] [2022-08-15T15:35:48.032Z] <<< [apiv2][body] POST https://upload-firebasehosting.googleapis.com/upload/sites/to-do-app-r2/versions/ea8afbe9ca0dc9b9/files/9ef1489ad0908f4a4ca9c42241b7b8391e388d8b20460d402906f9ab976dbc4f [stream]
[debug] [2022-08-15T15:35:51.688Z] <<< [apiv2][status] POST https://upload-firebasehosting.googleapis.com/upload/sites/to-do-app-r2/versions/ea8afbe9ca0dc9b9/files/3a7c1483b369de0a676f0fc4ccb6773b12dedce5f12f624325aee5f2376d01ee 200
[debug] [2022-08-15T15:35:51.688Z] <<< [apiv2][body] POST https://upload-firebasehosting.googleapis.com/upload/sites/to-do-app-r2/versions/ea8afbe9ca0dc9b9/files/3a7c1483b369de0a676f0fc4ccb6773b12dedce5f12f624325aee5f2376d01ee [stream]
[debug] [2022-08-15T15:35:51.689Z] [hosting][upload queue][FINAL] {"max":11465,"min":2306,"avg":3720.0625,"active":0,"complete":16,"success":16,"errored":0,"retried":0,"total":16,"elapsed":11467}
[info] +  hosting[to-do-app-r2]: file upload complete 
[debug] [2022-08-15T15:35:51.693Z] [hosting] deploy completed after 14120ms
[debug] [2022-08-15T15:35:51.708Z] [
  {
    "config": {
      "public": "build",
      "ignore": [
        "firebase.json",
        "**/.*",
        "**/node_modules/**"
      ],
      "site": "to-do-app-r2"
    },
    "site": "to-do-app-r2",
    "version": "projects/798217225878/sites/to-do-app-r2/versions/ea8afbe9ca0dc9b9"
  }
]
[info] i  hosting[to-do-app-r2]: finalizing version... 
[debug] [2022-08-15T15:35:51.716Z] >>> [apiv2][query] PATCH https://firebasehosting.googleapis.com/v1beta1/projects/798217225878/sites/to-do-app-r2/versions/ea8afbe9ca0dc9b9 updateMask=status%2Cconfig
[debug] [2022-08-15T15:35:51.716Z] >>> [apiv2][body] PATCH https://firebasehosting.googleapis.com/v1beta1/projects/798217225878/sites/to-do-app-r2/versions/ea8afbe9ca0dc9b9 {"status":"FINALIZED","config":{}}
[debug] [2022-08-15T15:35:53.636Z] <<< [apiv2][status] PATCH https://firebasehosting.googleapis.com/v1beta1/projects/798217225878/sites/to-do-app-r2/versions/ea8afbe9ca0dc9b9 200
[debug] [2022-08-15T15:35:53.636Z] <<< [apiv2][body] PATCH https://firebasehosting.googleapis.com/v1beta1/projects/798217225878/sites/to-do-app-r2/versions/ea8afbe9ca0dc9b9 {"name":"projects/798217225878/sites/to-do-app-r2/versions/ea8afbe9ca0dc9b9","status":"FINALIZED","config":{},"labels":{"deployment-tool":"cli-firebase"},"createTime":"2022-08-15T15:35:37.269751Z","createUser":{"email":"ruttikajadhav@gmail.com"},"finalizeTime":"2022-08-15T15:35:54.401625Z","finalizeUser":{"email":"ruttikajadhav@gmail.com"}}
[debug] [2022-08-15T15:35:53.636Z] [hosting] finalized version for to-do-app-r2:[object Object]
[info] +  hosting[to-do-app-r2]: version finalized 
[info] i  hosting[to-do-app-r2]: releasing new version... 
[debug] [2022-08-15T15:35:53.640Z] >>> [apiv2][query] POST https://firebasehosting.googleapis.com/v1beta1/projects/798217225878/sites/to-do-app-r2/releases versionName=projects%2F798217225878%2Fsites%2Fto-do-app-r2%2Fversions%2Fea8afbe9ca0dc9b9
[debug] [2022-08-15T15:35:53.640Z] >>> [apiv2][body] POST https://firebasehosting.googleapis.com/v1beta1/projects/798217225878/sites/to-do-app-r2/releases {"message":null}
[debug] [2022-08-15T15:35:55.786Z] <<< [apiv2][status] POST https://firebasehosting.googleapis.com/v1beta1/projects/798217225878/sites/to-do-app-r2/releases 200
[debug] [2022-08-15T15:35:55.786Z] <<< [apiv2][body] POST https://firebasehosting.googleapis.com/v1beta1/projects/798217225878/sites/to-do-app-r2/releases {"name":"projects/798217225878/sites/to-do-app-r2/releases/1660577755890047","version":{"name":"projects/798217225878/sites/to-do-app-r2/versions/ea8afbe9ca0dc9b9","status":"FINALIZED","config":{},"labels":{"deployment-tool":"cli-firebase"},"createTime":"2022-08-15T15:35:37.269751Z","createUser":{"email":"ruttikajadhav@gmail.com","imageUrl":"https://lh3.googleusercontent.com/a-/AFdZucqUyTXtecNoYRoJfovuotCHtEeX8Kn_oqknxfrD"},"finalizeTime":"2022-08-15T15:35:54.401625Z","finalizeUser":{"email":"ruttikajadhav@gmail.com","imageUrl":"https://lh3.googleusercontent.com/a-/AFdZucqUyTXtecNoYRoJfovuotCHtEeX8Kn_oqknxfrD"}},"type":"DEPLOY","releaseTime":"2022-08-15T15:35:55.890047994Z","releaseUser":{"email":"ruttikajadhav@gmail.com","imageUrl":"https://lh3.googleusercontent.com/a-/AFdZucqUyTXtecNoYRoJfovuotCHtEeX8Kn_oqknxfrD"}}
[debug] [2022-08-15T15:35:55.787Z] [hosting] release: {"name":"projects/798217225878/sites/to-do-app-r2/releases/1660577755890047","version":{"name":"projects/798217225878/sites/to-do-app-r2/versions/ea8afbe9ca0dc9b9","status":"FINALIZED","config":{},"labels":{"deployment-tool":"cli-firebase"},"createTime":"2022-08-15T15:35:37.269751Z","createUser":{"email":"ruttikajadhav@gmail.com","imageUrl":"https://lh3.googleusercontent.com/a-/AFdZucqUyTXtecNoYRoJfovuotCHtEeX8Kn_oqknxfrD"},"finalizeTime":"2022-08-15T15:35:54.401625Z","finalizeUser":{"email":"ruttikajadhav@gmail.com","imageUrl":"https://lh3.googleusercontent.com/a-/AFdZucqUyTXtecNoYRoJfovuotCHtEeX8Kn_oqknxfrD"}},"type":"DEPLOY","releaseTime":"2022-08-15T15:35:55.890047994Z","releaseUser":{"email":"ruttikajadhav@gmail.com","imageUrl":"https://lh3.googleusercontent.com/a-/AFdZucqUyTXtecNoYRoJfovuotCHtEeX8Kn_oqknxfrD"}}
[info] +  hosting[to-do-app-r2]: release complete 
[info] 
[info] +  Deploy complete! 
[info] 
[info] Project Console: https://console.firebase.google.com/project/to-do-app-r2/overview
[info] Hosting URL: https://to-do-app-r2.web.app
[debug] [2022-08-15T15:36:26.869Z] Error: Timed out.
    at Timeout._onTimeout (C:\Users\Acer\AppData\Roaming\npm\node_modules\firebase-tools\lib\utils.js:253:49)
    at listOnTimeout (node:internal/timers:559:17)
    at processTimers (node:internal/timers:502:7)
[error] 
[error] Error: An unexpected error has occurred.
